  sign_up_lib.c
c:\users\home\documents\visual studio 2010\projects\github_code\login\login\sign_up_lib.c(6): warning C4996: 'scanf': This function or variable may be unsafe. Consider using scanf_s instead. To disable deprecation, use _CRT_SECURE_NO_WARNINGS. See online help for details.
          c:\visual studio 2010\vc\include\stdio.h(304) : 'scanf' 선언을 참조하십시오.
c:\users\home\documents\visual studio 2010\projects\github_code\login\login\sign_up_lib.c(12): warning C4996: 'scanf': This function or variable may be unsafe. Consider using scanf_s instead. To disable deprecation, use _CRT_SECURE_NO_WARNINGS. See online help for details.
          c:\visual studio 2010\vc\include\stdio.h(304) : 'scanf' 선언을 참조하십시오.
c:\users\home\documents\visual studio 2010\projects\github_code\login\login\sign_up_lib.c(14): warning C4996: 'scanf': This function or variable may be unsafe. Consider using scanf_s instead. To disable deprecation, use _CRT_SECURE_NO_WARNINGS. See online help for details.
          c:\visual studio 2010\vc\include\stdio.h(304) : 'scanf' 선언을 참조하십시오.
c:\users\home\documents\visual studio 2010\projects\github_code\login\login\sign_up_lib.c(22): warning C4996: 'scanf': This function or variable may be unsafe. Consider using scanf_s instead. To disable deprecation, use _CRT_SECURE_NO_WARNINGS. See online help for details.
          c:\visual studio 2010\vc\include\stdio.h(304) : 'scanf' 선언을 참조하십시오.
c:\users\home\documents\visual studio 2010\projects\github_code\login\login\sign_up_lib.c(29): warning C4996: 'scanf': This function or variable may be unsafe. Consider using scanf_s instead. To disable deprecation, use _CRT_SECURE_NO_WARNINGS. See online help for details.
          c:\visual studio 2010\vc\include\stdio.h(304) : 'scanf' 선언을 참조하십시오.
c:\users\home\documents\visual studio 2010\projects\github_code\login\login\sign_up_lib.c(155): warning C4996: 'scanf': This function or variable may be unsafe. Consider using scanf_s instead. To disable deprecation, use _CRT_SECURE_NO_WARNINGS. See online help for details.
          c:\visual studio 2010\vc\include\stdio.h(304) : 'scanf' 선언을 참조하십시오.
c:\users\home\documents\visual studio 2010\projects\github_code\login\login\sign_up_lib.c(165): warning C4996: 'strcpy': This function or variable may be unsafe. Consider using strcpy_s instead. To disable deprecation, use _CRT_SECURE_NO_WARNINGS. See online help for details.
          c:\visual studio 2010\vc\include\string.h(105) : 'strcpy' 선언을 참조하십시오.
c:\users\home\documents\visual studio 2010\projects\github_code\login\login\sign_up_lib.c(211): warning C4996: 'strcpy': This function or variable may be unsafe. Consider using strcpy_s instead. To disable deprecation, use _CRT_SECURE_NO_WARNINGS. See online help for details.
          c:\visual studio 2010\vc\include\string.h(105) : 'strcpy' 선언을 참조하십시오.
c:\users\home\documents\visual studio 2010\projects\github_code\login\login\sign_up_lib.c(212): warning C4996: 'strcpy': This function or variable may be unsafe. Consider using strcpy_s instead. To disable deprecation, use _CRT_SECURE_NO_WARNINGS. See online help for details.
          c:\visual studio 2010\vc\include\string.h(105) : 'strcpy' 선언을 참조하십시오.
c:\users\home\documents\visual studio 2010\projects\github_code\login\login\sign_up_lib.c(213): warning C4996: 'strcpy': This function or variable may be unsafe. Consider using strcpy_s instead. To disable deprecation, use _CRT_SECURE_NO_WARNINGS. See online help for details.
          c:\visual studio 2010\vc\include\string.h(105) : 'strcpy' 선언을 참조하십시오.
  limit_login.c
  코드를 생성하고 있습니다...
c:\users\home\documents\visual studio 2010\projects\github_code\login\login\sign_up_lib.c(177): warning C4715: 'confirm' : 모든 제어 경로에서 값을 반환하지는 않습니다.
  login.vcxproj -> C:\Users\home\Documents\Visual Studio 2010\Projects\GitHub_code\login\Debug\login.exe
